COMMAND IN PROCESS >> ROUTE BASAKSEHIR>KAYNARCA 18
	Time (in min): 269,333
	Total # of switch changes: 3
	Route from BASAKSEHIR to KAYNARCA: BASAKSEHIR IKITELLI MAHMUTBEY KARADENIZ EDIRNEKAPI SISLI_GAYRETTEPE ALTUNIZADE UZUNCAYIR KAYNARCA
	Command "ROUTE BASAKSEHIR>KAYNARCA 18"  has been executed successfully!
COMMAND IN PROCESS >> BREAK MAHMUTBEY>KARADENIZ
	Command "BREAK MAHMUTBEY>KARADENIZ"  has been executed successfully!
COMMAND IN PROCESS >> ROUTE BASAKSEHIR>KAYNARCA 18
	Time (in min): 286,000
	Total # of switch changes: 3
	Route from BASAKSEHIR to KAYNARCA: BASAKSEHIR IKITELLI MAHMUTBEY BAGCILAR OTOGAR VATAN EDIRNEKAPI SISLI_GAYRETTEPE ALTUNIZADE UZUNCAYIR KAYNARCA
	Command "ROUTE BASAKSEHIR>KAYNARCA 18"  has been executed successfully!
COMMAND IN PROCESS >> ROUTE BASAKSEHIR>KAYNARCA 2
	Time (in min): 2346,000
	Total # of switch changes: 3
	Route from BASAKSEHIR to KAYNARCA: BASAKSEHIR IKITELLI MAHMUTBEY BAGCILAR OTOGAR VATAN AKSARAY SIRKECI USKUDAR ALTUNIZADE UZUNCAYIR KAYNARCA
	Command "ROUTE BASAKSEHIR>KAYNARCA 2"  has been executed successfully!
COMMAND IN PROCESS >> MAINTAIN MAHMUTBEY
	Command "MAINTAIN MAHMUTBEY"  has been executed successfully!
COMMAND IN PROCESS >> ROUTE BASAKSEHIR>KAYNARCA 6
	No route from BASAKSEHIR to KAYNARCA found currently!
	Command "ROUTE BASAKSEHIR>KAYNARCA 6"  has been executed successfully!
COMMAND IN PROCESS >> ROUTE HACIOSMAN>ATATURKAIRPORT 8
	Time (in min): 521,250
	Total # of switch changes: 6
	Route from HACIOSMAN to ATATURKAIRPORT: HACIOSMAN SANAYI SISLI_GAYRETTEPE EDIRNEKAPI MERTER ZEYTINBURNU YENIBOSNA ATATURKAIRPORT
	Command "ROUTE HACIOSMAN>ATATURKAIRPORT 8"  has been executed successfully!
COMMAND IN PROCESS >> MAINTAIN EDIRNEKAPI
	Command "MAINTAIN EDIRNEKAPI"  has been executed successfully!
COMMAND IN PROCESS >> ROUTE HACIOSMAN>ATATURKAIRPORT 8
	Time (in min): 505,000
	Total # of switch changes: 4
	Route from HACIOSMAN to ATATURKAIRPORT: HACIOSMAN SANAYI SISLI_GAYRETTEPE TAKSIM YENIKAPI AKSARAY TOPKAPI ZEYTINBURNU YENIBOSNA ATATURKAIRPORT
	Command "ROUTE HACIOSMAN>ATATURKAIRPORT 8"  has been executed successfully!
COMMAND IN PROCESS >> ROUTE HACIOSMAN>ATATURKAIRPORT 8
	Time (in min): 477,000
	Total # of switch changes: 0
	Route from HACIOSMAN to ATATURKAIRPORT: HACIOSMAN SANAYI SISLI_GAYRETTEPE TAKSIM YENIKAPI AKSARAY TOPKAPI ZEYTINBURNU YENIBOSNA ATATURKAIRPORT
	Command "ROUTE HACIOSMAN>ATATURKAIRPORT 8"  has been executed successfully!
COMMAND IN PROCESS >> MAINTAIN BASAKSEHIR
	Command "MAINTAIN BASAKSEHIR"  has been executed successfully!
COMMAND IN PROCESS >> MAINTAIN HACIOSMAN
	Command "MAINTAIN HACIOSMAN"  has been executed successfully!
COMMAND IN PROCESS >> MAINTAIN HALKALI
	Command "MAINTAIN HALKALI"  has been executed successfully!
COMMAND IN PROCESS >> BREAK KABATAS>KARAKOY
	Command "BREAK KABATAS>KARAKOY"  has been executed successfully!
COMMAND IN PROCESS >> BREAK TAKSIM>SISLI_GAYRETTEPE
	Command "BREAK TAKSIM>SISLI_GAYRETTEPE"  has been executed successfully!
COMMAND IN PROCESS >> REPAIR KABATAS>KARAKOY
	Command "REPAIR KABATAS>KARAKOY"  has been executed successfully!
COMMAND IN PROCESS >> ROUTE BEYLIKDUZU>SEYRANTEPE 13
	Time (in min): 464,385
	Total # of switch changes: 7
	Route from BEYLIKDUZU to SEYRANTEPE: BEYLIKDUZU YENIBOSNA ZEYTINBURNU TOPKAPI AKSARAY SIRKECI USKUDAR ALTUNIZADE SISLI_GAYRETTEPE SANAYI SEYRANTEPE
	Command "ROUTE BEYLIKDUZU>SEYRANTEPE 13"  has been executed successfully!
COMMAND IN PROCESS >> ADD TUNEL_SISHANE
	Command "ADD TUNEL_SISHANE"  has been executed successfully!
COMMAND IN PROCESS >> LINK TUNEL_SISHANE:KARAKOY-3,TAKSIM-2,YENIKAPI-6>TAKSIM
	Command "LINK TUNEL_SISHANE:KARAKOY-3,TAKSIM-2,YENIKAPI-6>TAKSIM"  has been executed successfully!
COMMAND IN PROCESS >> ROUTE SANAYI>TUNEL_SISHANE 4
	Time (in min): 157,500
	Total # of switch changes: 3
	Route from SANAYI to TUNEL_SISHANE: SANAYI SISLI_GAYRETTEPE TAKSIM TUNEL_SISHANE
	Command "ROUTE SANAYI>TUNEL_SISHANE 4"  has been executed successfully!
COMMAND IN PROCESS >> BREAK TAKSIM>TUNEL_SISHANE
	Command "BREAK TAKSIM>TUNEL_SISHANE"  has been executed successfully!
COMMAND IN PROCESS >> ROUTE BASAKSEHIR>TUNEL_SISHANE 9
	No route from BASAKSEHIR to TUNEL_SISHANE found currently!
	Command "ROUTE BASAKSEHIR>TUNEL_SISHANE 9"  has been executed successfully!
COMMAND IN PROCESS >> ROUTE GEBZE>TUNEL_SISHANE 9
	Time (in min): 431,333
	Total # of switch changes: 4
	Route from GEBZE to TUNEL_SISHANE: GEBZE AYRILIKCESMESI USKUDAR SIRKECI KARAKOY TUNEL_SISHANE
	Command "ROUTE GEBZE>TUNEL_SISHANE 9"  has been executed successfully!
COMMAND IN PROCESS >> LISTROUTESFROM TUNEL_SISHANE
	Routes from TUNEL_SISHANE: KARAKOY TAKSIM YENIKAPI
	Command "LISTROUTESFROM TUNEL_SISHANE"  has been executed successfully!
COMMAND IN PROCESS >> LISTROUTESFROM KARAKOY
	Routes from KARAKOY: KABATAS SIRKECI TAKSIM TUNEL_SISHANE
	Command "LISTROUTESFROM KARAKOY"  has been executed successfully!
COMMAND IN PROCESS >> LISTMAINTAINS
	Intersections under maintenance: BASAKSEHIR EDIRNEKAPI HACIOSMAN HALKALI MAHMUTBEY
	Command "LISTMAINTAINS"  has been executed successfully!
COMMAND IN PROCESS >> LISTACTIVERAILS
	Active Rails: AKSARAY>SIRKECI ALTUNIZADE>SISLI_GAYRETTEPE ATATURKAIRPORT>YENIBOSNA AYRILIKCESMESI>USKUDAR BAGCILAR>OTOGAR BASAKSEHIR>IKITELLI BEYLIKDUZU>YENIBOSNA CEKMEKOY>ALTUNIZADE EDIRNEKAPI>MERTER GEBZE>AYRILIKCESMESI HACIOSMAN>SANAYI HALKALI>YENIKAPI IKITELLI>MAHMUTBEY KABATAS>KARAKOY KADIKOY>AYRILIKCESMESI KARADENIZ>EDIRNEKAPI KARAKOY>TUNEL_SISHANE KAYNARCA>UZUNCAYIR M.SELAM>KARADENIZ MAHMUTBEY>BAGCILAR MERTER>ZEYTINBURNU OLIMPIYAT>IKITELLI OTOGAR>VATAN SANAYI>SISLI_GAYRETTEPE SEYRANTEPE>SANAYI SIRKECI>KARAKOY SISLI_GAYRETTEPE>TAKSIM SOGUTLUCESME>UZUNCAYIR TAKSIM>TUNEL_SISHANE TOPKAPI>AKSARAY TUNEL_SISHANE>TAKSIM USKUDAR>SIRKECI UZUNCAYIR>KAYNARCA VATAN>AKSARAY YENIBOSNA>ZEYTINBURNU YENIKAPI>AKSARAY ZEYTINBURNU>TOPKAPI
	Command "LISTACTIVERAILS"  has been executed successfully!
COMMAND IN PROCESS >> LISTBROKENRAILS
	Broken rails: MAHMUTBEY>KARADENIZ TAKSIM>SISLI_GAYRETTEPE TAKSIM>TUNEL_SISHANE
	Command "LISTBROKENRAILS"  has been executed successfully!
COMMAND IN PROCESS >> LISTCROSSTIMES
	# of cross times: AKSARAY:4 ALTUNIZADE:4 ATATURKAIRPORT:3 AYRILIKCESMESI:1 BAGCILAR:2 BASAKSEHIR:3 BEYLIKDUZU:1 EDIRNEKAPI:3 GEBZE:1 HACIOSMAN:3 IKITELLI:3 KARADENIZ:1 KARAKOY:1 KAYNARCA:3 MAHMUTBEY:3 MERTER:1 OTOGAR:2 SANAYI:5 SEYRANTEPE:1 SIRKECI:3 SISLI_GAYRETTEPE:7 TAKSIM:3 TOPKAPI:3 TUNEL_SISHANE:2 USKUDAR:3 UZUNCAYIR:3 VATAN:2 YENIBOSNA:4 YENIKAPI:2 ZEYTINBURNU:4
	Command "LISTCROSSTIMES"  has been executed successfully!
COMMAND IN PROCESS >> TOTALNUMBEROFJUNCTIONS
	Total # of junctions: 37
	Command "TOTALNUMBEROFJUNCTIONS"  has been executed successfully!
COMMAND IN PROCESS >> TOTALNUMBEROFRAILS
	Total # of rails: 100
	Command "TOTALNUMBEROFRAILS"  has been executed successfully!
COMMAND IN PROCESS >> DUMMYTEXT
	Unrecognized command "DUMMYTEXT"!
